Script started on 2025-12-04 16:27:00+00:00 [COMMAND="bun run test:bun:all" <not executed on terminal>]
[0m[2m[35m$[0m [2m[1mbun run aicode/integration_tests/scripts/dotReporter.ts[0m
[36mRunning Bun tests...[0m

aicode/typescript_plugin/tests/rdfexport.test.ts [31mF[0m[31mF[0m[31mF[0m[31mF[0m[31mF[0m[31mF[0m[31mF[0m[31mF[0m[31mF[0m[31mF[0m[31mF[0m[31mF[0m[31mF[0m[31mF[0m[31mF[0m[31mF[0m[31mF[0m[31mF[0m[31mF[0m[31mF[0m[31mF[0m[31mF[0m[31mF[0m[31mF[0m[31mF[0m[31mF[0m[31mF[0m[31mF[0m[31mF[0m[31mF[0m[31mF[0m[31mF[0m[31mF[0m[31mF[0m [90m[100%][0m


[31m[1mFAILURES[0m
================================================================================
[31mFAILED[0m runMockBlackBox returns DrawIO parser summary
--------------------------------------------------------------------------------
[31mFAILED[0m AA37 Department of Health.drawio: no regression
--------------------------------------------------------------------------------
[31mFAILED[0m AA42 Ministry of Health.drawio: no regression
--------------------------------------------------------------------------------
[31mFAILED[0m BA619 Walkerton Inquiry.drawio: no regression
--------------------------------------------------------------------------------
[31mFAILED[0m CA1853 Chest Disease Service.drawio: no regression
--------------------------------------------------------------------------------
[31mFAILED[0m CA1934 Division of Tuberculosis Prevention.drawio: no regression
--------------------------------------------------------------------------------
[31mFAILED[0m F 47 Simcoe Family fonds.drawio: no regression
--------------------------------------------------------------------------------
[31mFAILED[0m F 47-11 Elizabeth Simcoe sketches.drawio: no regression
--------------------------------------------------------------------------------
[31mFAILED[0m F 47-11-1 Elizabeth Simcoe loose sketches.drawio: no regression
--------------------------------------------------------------------------------
[31mFAILED[0m F 47-11-1-0-1 (VDB test).drawio: no regression
--------------------------------------------------------------------------------
[31mFAILED[0m F 47-11-1-0-1.drawio: no regression
--------------------------------------------------------------------------------
[31mFAILED[0m F 47-11-2 Elizabeth Simcoe sketchbook.drawio: no regression
--------------------------------------------------------------------------------
[31mFAILED[0m F 47-11-3 Elizabeth Simcoe miscellaneous sketches and fragments.drawio: no regression
--------------------------------------------------------------------------------
[31mFAILED[0m F 47-11-4 Notes on Elizabeth Simcoe sketches.drawio: no regression
--------------------------------------------------------------------------------
[31mFAILED[0m F 4711 Orville Wood fonds.drawio: no regression
--------------------------------------------------------------------------------
[31mFAILED[0m General ADD (Descriptions and Listings) to RiC-O Model_2025-06-20_PZ.drawio: no regression
--------------------------------------------------------------------------------
[31mFAILED[0m General ADD (Descriptions and Listings) to RiC-O Model_2025-06-20_PZ_no_rr.drawio: no regression
--------------------------------------------------------------------------------
[31mFAILED[0m General Authority to RiC-O Model_2025-06-25_PZ.drawio: no regression
--------------------------------------------------------------------------------
[31mFAILED[0m RG 1-659 - Northern pike lamprey mark, Rondeau Park, April 20, 1955.drawio: no regression
--------------------------------------------------------------------------------
[31mFAILED[0m RG 10-142 Correspondence of the Chief of the Chest Disease Service.drawio: no regression
--------------------------------------------------------------------------------
[31mFAILED[0m RG 10-145 Mobile Tuberculosis Testing Clinic photographs.drawio: no regression
--------------------------------------------------------------------------------
[31mFAILED[0m RG 18-210 Records of the Walkerton Inquiry - revised to ADD mapping.drawio: no regression
--------------------------------------------------------------------------------
[31mFAILED[0m RG 18-210 Walkerton Inquiry in RiC-O (original).drawio: no regression
--------------------------------------------------------------------------------
[31mFAILED[0m diagram_RiC-CM-overview-RiC-v1-0.drawio: no regression
--------------------------------------------------------------------------------
[31mFAILED[0m runDrawioPipeline emits rr:TriplesMap triple when RML metadata enabled
--------------------------------------------------------------------------------
[31mFAILED[0m runDrawioPipeline strips literal HTML when stripHtml enabled
--------------------------------------------------------------------------------
[31mFAILED[0m runDrawioPipeline preserves literal HTML when stripHtml disabled
--------------------------------------------------------------------------------
[31mFAILED[0m runDrawioPipeline omits rdfs:label triples when includeLabel disabled
--------------------------------------------------------------------------------
[31mFAILED[0m runDrawioPipeline omits ontology declaration when includePreamble disabled
--------------------------------------------------------------------------------
[31mFAILED[0m runDrawioPipeline keeps literals untyped when inference disabled
--------------------------------------------------------------------------------
[31mFAILED[0m runDrawioPipeline forwards strictMode flag to parser configuration
--------------------------------------------------------------------------------
[31mFAILED[0m rdfexport plugin exposes preamble controls and diagram properties
--------------------------------------------------------------------------------
[31mFAILED[0m parser settings dialog updates stored configuration and pipeline
--------------------------------------------------------------------------------
[31mFAILED[0m parser settings dialog stores and passes new minting knobs to pipeline
================================================================================

[31m34 failed[0m
Ran 55 tests across 1 file. [3.80s]
[0m[31merror[0m[2m:[0m script [1m"test:bun:all"[0m exited with code 1[0m

Script done on 2025-12-04 16:27:04+00:00 [COMMAND_EXIT_CODE="1"]
